<?xml version="1.0" encoding="UTF-8"?>
<testsuite xmlns:xsi="http://www.w3.org/2001/XMLSchema-instance" xsi:noNamespaceSchemaLocation="https://maven.apache.org/surefire/maven-surefire-plugin/xsd/surefire-test-report-3.0.xsd" version="3.0" name="com.company.test.runner.TestRunner" time="9.184" tests="1" errors="0" skipped="0" failures="0">
  <properties>
    <property name="gopherProxySet" value="false"/>
    <property name="awt.toolkit" value="sun.lwawt.macosx.LWCToolkit"/>
    <property name="java.specification.version" value="11"/>
    <property name="sun.cpu.isalist" value=""/>
    <property name="sun.jnu.encoding" value="UTF-8"/>
    <property name="java.class.path" value="/Users/nsilvestre/Documents/AutomationConcept/Automation-UITests/target/test-classes:/Users/nsilvestre/Documents/AutomationConcept/Automation-UITests/target/classes:/Users/nsilvestre/.m2/repository/junit/junit/5.0-SNAPSHOT/junit-5.0-SNAPSHOT.jar:/Users/nsilvestre/.m2/repository/org/hamcrest/hamcrest-core/1.3/hamcrest-core-1.3.jar:/Users/nsilvestre/.m2/repository/io/appium/java-client/6.1.0/java-client-6.1.0.jar:/Users/nsilvestre/.m2/repository/org/seleniumhq/selenium/selenium-java/3.12.0/selenium-java-3.12.0.jar:/Users/nsilvestre/.m2/repository/org/seleniumhq/selenium/selenium-chrome-driver/3.12.0/selenium-chrome-driver-3.12.0.jar:/Users/nsilvestre/.m2/repository/org/seleniumhq/selenium/selenium-edge-driver/3.12.0/selenium-edge-driver-3.12.0.jar:/Users/nsilvestre/.m2/repository/org/seleniumhq/selenium/selenium-firefox-driver/3.12.0/selenium-firefox-driver-3.12.0.jar:/Users/nsilvestre/.m2/repository/org/seleniumhq/selenium/selenium-ie-driver/3.12.0/selenium-ie-driver-3.12.0.jar:/Users/nsilvestre/.m2/repository/org/seleniumhq/selenium/selenium-opera-driver/3.12.0/selenium-opera-driver-3.12.0.jar:/Users/nsilvestre/.m2/repository/org/seleniumhq/selenium/selenium-remote-driver/3.12.0/selenium-remote-driver-3.12.0.jar:/Users/nsilvestre/.m2/repository/org/seleniumhq/selenium/selenium-safari-driver/3.12.0/selenium-safari-driver-3.12.0.jar:/Users/nsilvestre/.m2/repository/net/bytebuddy/byte-buddy/1.8.3/byte-buddy-1.8.3.jar:/Users/nsilvestre/.m2/repository/org/apache/commons/commons-exec/1.3/commons-exec-1.3.jar:/Users/nsilvestre/.m2/repository/commons-codec/commons-codec/1.10/commons-codec-1.10.jar:/Users/nsilvestre/.m2/repository/commons-logging/commons-logging/1.2/commons-logging-1.2.jar:/Users/nsilvestre/.m2/repository/com/google/guava/guava/23.6-jre/guava-23.6-jre.jar:/Users/nsilvestre/.m2/repository/org/checkerframework/checker-compat-qual/2.0.0/checker-compat-qual-2.0.0.jar:/Users/nsilvestre/.m2/repository/com/google/errorprone/error_prone_annotations/2.1.3/error_prone_annotations-2.1.3.jar:/Users/nsilvestre/.m2/repository/com/google/j2objc/j2objc-annotations/1.1/j2objc-annotations-1.1.jar:/Users/nsilvestre/.m2/repository/org/codehaus/mojo/animal-sniffer-annotations/1.14/animal-sniffer-annotations-1.14.jar:/Users/nsilvestre/.m2/repository/org/apache/httpcomponents/httpcore/4.4.6/httpcore-4.4.6.jar:/Users/nsilvestre/.m2/repository/com/squareup/okhttp3/okhttp/3.9.1/okhttp-3.9.1.jar:/Users/nsilvestre/.m2/repository/com/squareup/okio/okio/1.13.0/okio-1.13.0.jar:/Users/nsilvestre/.m2/repository/org/seleniumhq/selenium/selenium-support/3.12.0/selenium-support-3.12.0.jar:/Users/nsilvestre/.m2/repository/org/seleniumhq/selenium/selenium-api/3.12.0/selenium-api-3.12.0.jar:/Users/nsilvestre/.m2/repository/org/apache/httpcomponents/httpclient/4.5.5/httpclient-4.5.5.jar:/Users/nsilvestre/.m2/repository/cglib/cglib/3.2.6/cglib-3.2.6.jar:/Users/nsilvestre/.m2/repository/org/ow2/asm/asm/6.0/asm-6.0.jar:/Users/nsilvestre/.m2/repository/org/apache/ant/ant/1.9.6/ant-1.9.6.jar:/Users/nsilvestre/.m2/repository/org/apache/ant/ant-launcher/1.9.6/ant-launcher-1.9.6.jar:/Users/nsilvestre/.m2/repository/commons-validator/commons-validator/1.6/commons-validator-1.6.jar:/Users/nsilvestre/.m2/repository/commons-beanutils/commons-beanutils/1.9.2/commons-beanutils-1.9.2.jar:/Users/nsilvestre/.m2/repository/commons-digester/commons-digester/1.8.1/commons-digester-1.8.1.jar:/Users/nsilvestre/.m2/repository/commons-collections/commons-collections/3.2.2/commons-collections-3.2.2.jar:/Users/nsilvestre/.m2/repository/org/apache/commons/commons-lang3/3.7/commons-lang3-3.7.jar:/Users/nsilvestre/.m2/repository/commons-io/commons-io/2.6/commons-io-2.6.jar:/Users/nsilvestre/.m2/repository/org/springframework/spring-context/5.0.5.RELEASE/spring-context-5.0.5.RELEASE.jar:/Users/nsilvestre/.m2/repository/org/springframework/spring-aop/5.0.5.RELEASE/spring-aop-5.0.5.RELEASE.jar:/Users/nsilvestre/.m2/repository/org/springframework/spring-beans/5.0.5.RELEASE/spring-beans-5.0.5.RELEASE.jar:/Users/nsilvestre/.m2/repository/org/springframework/spring-core/5.0.5.RELEASE/spring-core-5.0.5.RELEASE.jar:/Users/nsilvestre/.m2/repository/org/springframework/spring-jcl/5.0.5.RELEASE/spring-jcl-5.0.5.RELEASE.jar:/Users/nsilvestre/.m2/repository/org/springframework/spring-expression/5.0.5.RELEASE/spring-expression-5.0.5.RELEASE.jar:/Users/nsilvestre/.m2/repository/org/aspectj/aspectjweaver/1.9.1/aspectjweaver-1.9.1.jar:/Users/nsilvestre/.m2/repository/org/openpnp/opencv/3.2.0-1/opencv-3.2.0-1.jar:/Users/nsilvestre/.m2/repository/org/assertj/assertj-core/3.12.2/assertj-core-3.12.2.jar:/Users/nsilvestre/.m2/repository/joda-time/joda-time/2.10.2/joda-time-2.10.2.jar:/Users/nsilvestre/.m2/repository/ch/qos/logback/logback-classic/1.3.0-alpha4/logback-classic-1.3.0-alpha4.jar:/Users/nsilvestre/.m2/repository/com/sun/mail/javax.mail/1.6.0/javax.mail-1.6.0.jar:/Users/nsilvestre/.m2/repository/ch/qos/logback/logback-core/1.3.0-alpha4/logback-core-1.3.0-alpha4.jar:/Users/nsilvestre/.m2/repository/org/slf4j/slf4j-api/1.7.5/slf4j-api-1.7.5.jar:/Users/nsilvestre/.m2/repository/javax/json/javax.json-api/1.1.4/javax.json-api-1.1.4.jar:/Users/nsilvestre/.m2/repository/org/glassfish/javax.json/1.1.4/javax.json-1.1.4.jar:/Users/nsilvestre/.m2/repository/com/google/code/gson/gson/2.8.5/gson-2.8.5.jar:/Users/nsilvestre/.m2/repository/io/rest-assured/json-schema-validator/4.0.1-SNAPSHOT/json-schema-validator-4.0.1-SNAPSHOT.jar:/Users/nsilvestre/.m2/repository/com/github/java-json-tools/json-schema-validator/2.2.10/json-schema-validator-2.2.10.jar:/Users/nsilvestre/.m2/repository/com/github/java-json-tools/json-schema-core/1.2.10/json-schema-core-1.2.10.jar:/Users/nsilvestre/.m2/repository/com/github/java-json-tools/jackson-coreutils/1.9/jackson-coreutils-1.9.jar:/Users/nsilvestre/.m2/repository/com/github/fge/msg-simple/1.1/msg-simple-1.1.jar:/Users/nsilvestre/.m2/repository/com/github/fge/btf/1.2/btf-1.2.jar:/Users/nsilvestre/.m2/repository/com/github/fge/uri-template/0.9/uri-template-0.9.jar:/Users/nsilvestre/.m2/repository/org/mozilla/rhino/1.7.7.1/rhino-1.7.7.1.jar:/Users/nsilvestre/.m2/repository/javax/mail/mailapi/1.4.3/mailapi-1.4.3.jar:/Users/nsilvestre/.m2/repository/com/googlecode/libphonenumber/libphonenumber/8.0.0/libphonenumber-8.0.0.jar:/Users/nsilvestre/.m2/repository/com/google/code/findbugs/jsr305/3.0.1/jsr305-3.0.1.jar:/Users/nsilvestre/.m2/repository/net/sf/jopt-simple/jopt-simple/5.0.3/jopt-simple-5.0.3.jar:/Users/nsilvestre/.m2/repository/com/fasterxml/jackson/dataformat/jackson-dataformat-xml/2.7.4/jackson-dataformat-xml-2.7.4.jar:/Users/nsilvestre/.m2/repository/com/fasterxml/jackson/core/jackson-core/2.7.4/jackson-core-2.7.4.jar:/Users/nsilvestre/.m2/repository/com/fasterxml/jackson/core/jackson-annotations/2.7.0/jackson-annotations-2.7.0.jar:/Users/nsilvestre/.m2/repository/com/fasterxml/jackson/core/jackson-databind/2.7.4/jackson-databind-2.7.4.jar:/Users/nsilvestre/.m2/repository/com/fasterxml/jackson/module/jackson-module-jaxb-annotations/2.7.4/jackson-module-jaxb-annotations-2.7.4.jar:/Users/nsilvestre/.m2/repository/org/codehaus/woodstox/stax2-api/3.1.4/stax2-api-3.1.4.jar:/Users/nsilvestre/.m2/repository/info/cukes/cucumber-picocontainer/1.2.6-SNAPSHOT/cucumber-picocontainer-1.2.6-SNAPSHOT.jar:/Users/nsilvestre/.m2/repository/info/cukes/cucumber-jvm-deps/1.0.5/cucumber-jvm-deps-1.0.5.jar:/Users/nsilvestre/.m2/repository/info/cukes/gherkin/2.12.2/gherkin-2.12.2.jar:/Users/nsilvestre/.m2/repository/org/picocontainer/picocontainer/2.15/picocontainer-2.15.jar:/Users/nsilvestre/.m2/repository/com/jayway/restassured/rest-assured/2.9.0/rest-assured-2.9.0.jar:/Users/nsilvestre/.m2/repository/org/codehaus/groovy/groovy/2.4.4/groovy-2.4.4.jar:/Users/nsilvestre/.m2/repository/org/codehaus/groovy/groovy-xml/2.4.4/groovy-xml-2.4.4.jar:/Users/nsilvestre/.m2/repository/org/apache/httpcomponents/httpmime/4.5.1/httpmime-4.5.1.jar:/Users/nsilvestre/.m2/repository/org/hamcrest/hamcrest-library/1.3/hamcrest-library-1.3.jar:/Users/nsilvestre/.m2/repository/org/ccil/cowan/tagsoup/tagsoup/1.2.1/tagsoup-1.2.1.jar:/Users/nsilvestre/.m2/repository/com/jayway/restassured/json-path/2.9.0/json-path-2.9.0.jar:/Users/nsilvestre/.m2/repository/org/codehaus/groovy/groovy-json/2.4.4/groovy-json-2.4.4.jar:/Users/nsilvestre/.m2/repository/com/jayway/restassured/rest-assured-common/2.9.0/rest-assured-common-2.9.0.jar:/Users/nsilvestre/.m2/repository/com/jayway/restassured/xml-path/2.9.0/xml-path-2.9.0.jar:/Users/nsilvestre/.m2/repository/net/jodah/failsafe/1.0.4/failsafe-1.0.4.jar:/Users/nsilvestre/.m2/repository/info/cukes/cucumber-core/1.2.5/cucumber-core-1.2.5.jar:/Users/nsilvestre/.m2/repository/info/cukes/cucumber-html/0.2.3/cucumber-html-0.2.3.jar:/Users/nsilvestre/.m2/repository/info/cukes/cucumber-junit/1.2.5/cucumber-junit-1.2.5.jar:/Users/nsilvestre/.m2/repository/ru/yandex/qatools/ashot/ashot/1.5.2/ashot-1.5.2.jar:/Users/nsilvestre/.m2/repository/org/hamcrest/hamcrest-all/1.3/hamcrest-all-1.3.jar:/Users/nsilvestre/.m2/repository/com/googlecode/lambdaj/lambdaj/2.3.3/lambdaj-2.3.3.jar:/Users/nsilvestre/.m2/repository/org/objenesis/objenesis/1.2/objenesis-1.2.jar:/Users/nsilvestre/.m2/repository/cglib/cglib-nodep/2.2/cglib-nodep-2.2.jar:/Users/nsilvestre/.m2/repository/com/epam/reportportal/agent-java-cucumber/4.0.1/agent-java-cucumber-4.0.1.jar:/Users/nsilvestre/.m2/repository/com/epam/reportportal/client-java/4.0.6/client-java-4.0.6.jar:/Users/nsilvestre/.m2/repository/io/reactivex/rxjava2/rxjava/2.1.6/rxjava-2.1.6.jar:/Users/nsilvestre/.m2/repository/org/reactivestreams/reactive-streams/1.0.1/reactive-streams-1.0.1.jar:/Users/nsilvestre/.m2/repository/org/apache/tika/tika-core/1.4/tika-core-1.4.jar:/Users/nsilvestre/.m2/repository/com/epam/reportportal/commons-model/4.0.4/commons-model-4.0.4.jar:/Users/nsilvestre/.m2/repository/io/swagger/swagger-annotations/1.5.13/swagger-annotations-1.5.13.jar:/Users/nsilvestre/.m2/repository/javax/validation/validation-api/1.1.0.Final/validation-api-1.1.0.Final.jar:/Users/nsilvestre/.m2/repository/javax/xml/bind/jaxb-api/2.2.11/jaxb-api-2.2.11.jar:/Users/nsilvestre/.m2/repository/com/sun/xml/bind/jaxb-core/2.2.11/jaxb-core-2.2.11.jar:/Users/nsilvestre/.m2/repository/com/sun/xml/bind/jaxb-impl/2.2.11/jaxb-impl-2.2.11.jar:/Users/nsilvestre/.m2/repository/javax/activation/activation/1.1.1/activation-1.1.1.jar:/Users/nsilvestre/.m2/repository/info/cukes/cucumber-testng/1.2.5/cucumber-testng-1.2.5.jar:/Users/nsilvestre/.m2/repository/org/testng/testng/6.14.3/testng-6.14.3.jar:/Users/nsilvestre/.m2/repository/com/beust/jcommander/1.72/jcommander-1.72.jar:/Users/nsilvestre/.m2/repository/org/apache-extras/beanshell/bsh/2.0b6/bsh-2.0b6.jar:/Users/nsilvestre/.m2/repository/info/cukes/cucumber-java/1.2.6-SNAPSHOT/cucumber-java-1.2.6-SNAPSHOT.jar:"/>
    <property name="java.vm.vendor" value="Oracle Corporation"/>
    <property name="sun.arch.data.model" value="64"/>
    <property name="java.vendor.url" value="http://java.oracle.com/"/>
    <property name="user.timezone" value=""/>
    <property name="java.vm.specification.version" value="11"/>
    <property name="os.name" value="Mac OS X"/>
    <property name="sun.java.launcher" value="SUN_STANDARD"/>
    <property name="user.country" value="AR"/>
    <property name="sun.boot.library.path" value="/Library/Java/JavaVirtualMachines/jdk-11.0.1.jdk/Contents/Home/lib"/>
    <property name="sun.java.command" value="/Users/nsilvestre/Documents/AutomationConcept/Automation-UITests/target/surefire/surefirebooter11449703310546265830.jar /Users/nsilvestre/Documents/AutomationConcept/Automation-UITests/target/surefire 2019-06-03T14-26-56_877-jvmRun1 surefire15484221602691084998tmp surefire_06738306436471064954tmp"/>
    <property name="http.nonProxyHosts" value="local|*.local|169.254/16|*.169.254/16"/>
    <property name="jdk.debug" value="release"/>
    <property name="surefire.test.class.path" value="/Users/nsilvestre/Documents/AutomationConcept/Automation-UITests/target/test-classes:/Users/nsilvestre/Documents/AutomationConcept/Automation-UITests/target/classes:/Users/nsilvestre/.m2/repository/junit/junit/5.0-SNAPSHOT/junit-5.0-SNAPSHOT.jar:/Users/nsilvestre/.m2/repository/org/hamcrest/hamcrest-core/1.3/hamcrest-core-1.3.jar:/Users/nsilvestre/.m2/repository/io/appium/java-client/6.1.0/java-client-6.1.0.jar:/Users/nsilvestre/.m2/repository/org/seleniumhq/selenium/selenium-java/3.12.0/selenium-java-3.12.0.jar:/Users/nsilvestre/.m2/repository/org/seleniumhq/selenium/selenium-chrome-driver/3.12.0/selenium-chrome-driver-3.12.0.jar:/Users/nsilvestre/.m2/repository/org/seleniumhq/selenium/selenium-edge-driver/3.12.0/selenium-edge-driver-3.12.0.jar:/Users/nsilvestre/.m2/repository/org/seleniumhq/selenium/selenium-firefox-driver/3.12.0/selenium-firefox-driver-3.12.0.jar:/Users/nsilvestre/.m2/repository/org/seleniumhq/selenium/selenium-ie-driver/3.12.0/selenium-ie-driver-3.12.0.jar:/Users/nsilvestre/.m2/repository/org/seleniumhq/selenium/selenium-opera-driver/3.12.0/selenium-opera-driver-3.12.0.jar:/Users/nsilvestre/.m2/repository/org/seleniumhq/selenium/selenium-remote-driver/3.12.0/selenium-remote-driver-3.12.0.jar:/Users/nsilvestre/.m2/repository/org/seleniumhq/selenium/selenium-safari-driver/3.12.0/selenium-safari-driver-3.12.0.jar:/Users/nsilvestre/.m2/repository/net/bytebuddy/byte-buddy/1.8.3/byte-buddy-1.8.3.jar:/Users/nsilvestre/.m2/repository/org/apache/commons/commons-exec/1.3/commons-exec-1.3.jar:/Users/nsilvestre/.m2/repository/commons-codec/commons-codec/1.10/commons-codec-1.10.jar:/Users/nsilvestre/.m2/repository/commons-logging/commons-logging/1.2/commons-logging-1.2.jar:/Users/nsilvestre/.m2/repository/com/google/guava/guava/23.6-jre/guava-23.6-jre.jar:/Users/nsilvestre/.m2/repository/org/checkerframework/checker-compat-qual/2.0.0/checker-compat-qual-2.0.0.jar:/Users/nsilvestre/.m2/repository/com/google/errorprone/error_prone_annotations/2.1.3/error_prone_annotations-2.1.3.jar:/Users/nsilvestre/.m2/repository/com/google/j2objc/j2objc-annotations/1.1/j2objc-annotations-1.1.jar:/Users/nsilvestre/.m2/repository/org/codehaus/mojo/animal-sniffer-annotations/1.14/animal-sniffer-annotations-1.14.jar:/Users/nsilvestre/.m2/repository/org/apache/httpcomponents/httpcore/4.4.6/httpcore-4.4.6.jar:/Users/nsilvestre/.m2/repository/com/squareup/okhttp3/okhttp/3.9.1/okhttp-3.9.1.jar:/Users/nsilvestre/.m2/repository/com/squareup/okio/okio/1.13.0/okio-1.13.0.jar:/Users/nsilvestre/.m2/repository/org/seleniumhq/selenium/selenium-support/3.12.0/selenium-support-3.12.0.jar:/Users/nsilvestre/.m2/repository/org/seleniumhq/selenium/selenium-api/3.12.0/selenium-api-3.12.0.jar:/Users/nsilvestre/.m2/repository/org/apache/httpcomponents/httpclient/4.5.5/httpclient-4.5.5.jar:/Users/nsilvestre/.m2/repository/cglib/cglib/3.2.6/cglib-3.2.6.jar:/Users/nsilvestre/.m2/repository/org/ow2/asm/asm/6.0/asm-6.0.jar:/Users/nsilvestre/.m2/repository/org/apache/ant/ant/1.9.6/ant-1.9.6.jar:/Users/nsilvestre/.m2/repository/org/apache/ant/ant-launcher/1.9.6/ant-launcher-1.9.6.jar:/Users/nsilvestre/.m2/repository/commons-validator/commons-validator/1.6/commons-validator-1.6.jar:/Users/nsilvestre/.m2/repository/commons-beanutils/commons-beanutils/1.9.2/commons-beanutils-1.9.2.jar:/Users/nsilvestre/.m2/repository/commons-digester/commons-digester/1.8.1/commons-digester-1.8.1.jar:/Users/nsilvestre/.m2/repository/commons-collections/commons-collections/3.2.2/commons-collections-3.2.2.jar:/Users/nsilvestre/.m2/repository/org/apache/commons/commons-lang3/3.7/commons-lang3-3.7.jar:/Users/nsilvestre/.m2/repository/commons-io/commons-io/2.6/commons-io-2.6.jar:/Users/nsilvestre/.m2/repository/org/springframework/spring-context/5.0.5.RELEASE/spring-context-5.0.5.RELEASE.jar:/Users/nsilvestre/.m2/repository/org/springframework/spring-aop/5.0.5.RELEASE/spring-aop-5.0.5.RELEASE.jar:/Users/nsilvestre/.m2/repository/org/springframework/spring-beans/5.0.5.RELEASE/spring-beans-5.0.5.RELEASE.jar:/Users/nsilvestre/.m2/repository/org/springframework/spring-core/5.0.5.RELEASE/spring-core-5.0.5.RELEASE.jar:/Users/nsilvestre/.m2/repository/org/springframework/spring-jcl/5.0.5.RELEASE/spring-jcl-5.0.5.RELEASE.jar:/Users/nsilvestre/.m2/repository/org/springframework/spring-expression/5.0.5.RELEASE/spring-expression-5.0.5.RELEASE.jar:/Users/nsilvestre/.m2/repository/org/aspectj/aspectjweaver/1.9.1/aspectjweaver-1.9.1.jar:/Users/nsilvestre/.m2/repository/org/openpnp/opencv/3.2.0-1/opencv-3.2.0-1.jar:/Users/nsilvestre/.m2/repository/org/assertj/assertj-core/3.12.2/assertj-core-3.12.2.jar:/Users/nsilvestre/.m2/repository/joda-time/joda-time/2.10.2/joda-time-2.10.2.jar:/Users/nsilvestre/.m2/repository/ch/qos/logback/logback-classic/1.3.0-alpha4/logback-classic-1.3.0-alpha4.jar:/Users/nsilvestre/.m2/repository/com/sun/mail/javax.mail/1.6.0/javax.mail-1.6.0.jar:/Users/nsilvestre/.m2/repository/ch/qos/logback/logback-core/1.3.0-alpha4/logback-core-1.3.0-alpha4.jar:/Users/nsilvestre/.m2/repository/org/slf4j/slf4j-api/1.7.5/slf4j-api-1.7.5.jar:/Users/nsilvestre/.m2/repository/javax/json/javax.json-api/1.1.4/javax.json-api-1.1.4.jar:/Users/nsilvestre/.m2/repository/org/glassfish/javax.json/1.1.4/javax.json-1.1.4.jar:/Users/nsilvestre/.m2/repository/com/google/code/gson/gson/2.8.5/gson-2.8.5.jar:/Users/nsilvestre/.m2/repository/io/rest-assured/json-schema-validator/4.0.1-SNAPSHOT/json-schema-validator-4.0.1-SNAPSHOT.jar:/Users/nsilvestre/.m2/repository/com/github/java-json-tools/json-schema-validator/2.2.10/json-schema-validator-2.2.10.jar:/Users/nsilvestre/.m2/repository/com/github/java-json-tools/json-schema-core/1.2.10/json-schema-core-1.2.10.jar:/Users/nsilvestre/.m2/repository/com/github/java-json-tools/jackson-coreutils/1.9/jackson-coreutils-1.9.jar:/Users/nsilvestre/.m2/repository/com/github/fge/msg-simple/1.1/msg-simple-1.1.jar:/Users/nsilvestre/.m2/repository/com/github/fge/btf/1.2/btf-1.2.jar:/Users/nsilvestre/.m2/repository/com/github/fge/uri-template/0.9/uri-template-0.9.jar:/Users/nsilvestre/.m2/repository/org/mozilla/rhino/1.7.7.1/rhino-1.7.7.1.jar:/Users/nsilvestre/.m2/repository/javax/mail/mailapi/1.4.3/mailapi-1.4.3.jar:/Users/nsilvestre/.m2/repository/com/googlecode/libphonenumber/libphonenumber/8.0.0/libphonenumber-8.0.0.jar:/Users/nsilvestre/.m2/repository/com/google/code/findbugs/jsr305/3.0.1/jsr305-3.0.1.jar:/Users/nsilvestre/.m2/repository/net/sf/jopt-simple/jopt-simple/5.0.3/jopt-simple-5.0.3.jar:/Users/nsilvestre/.m2/repository/com/fasterxml/jackson/dataformat/jackson-dataformat-xml/2.7.4/jackson-dataformat-xml-2.7.4.jar:/Users/nsilvestre/.m2/repository/com/fasterxml/jackson/core/jackson-core/2.7.4/jackson-core-2.7.4.jar:/Users/nsilvestre/.m2/repository/com/fasterxml/jackson/core/jackson-annotations/2.7.0/jackson-annotations-2.7.0.jar:/Users/nsilvestre/.m2/repository/com/fasterxml/jackson/core/jackson-databind/2.7.4/jackson-databind-2.7.4.jar:/Users/nsilvestre/.m2/repository/com/fasterxml/jackson/module/jackson-module-jaxb-annotations/2.7.4/jackson-module-jaxb-annotations-2.7.4.jar:/Users/nsilvestre/.m2/repository/org/codehaus/woodstox/stax2-api/3.1.4/stax2-api-3.1.4.jar:/Users/nsilvestre/.m2/repository/info/cukes/cucumber-picocontainer/1.2.6-SNAPSHOT/cucumber-picocontainer-1.2.6-SNAPSHOT.jar:/Users/nsilvestre/.m2/repository/info/cukes/cucumber-jvm-deps/1.0.5/cucumber-jvm-deps-1.0.5.jar:/Users/nsilvestre/.m2/repository/info/cukes/gherkin/2.12.2/gherkin-2.12.2.jar:/Users/nsilvestre/.m2/repository/org/picocontainer/picocontainer/2.15/picocontainer-2.15.jar:/Users/nsilvestre/.m2/repository/com/jayway/restassured/rest-assured/2.9.0/rest-assured-2.9.0.jar:/Users/nsilvestre/.m2/repository/org/codehaus/groovy/groovy/2.4.4/groovy-2.4.4.jar:/Users/nsilvestre/.m2/repository/org/codehaus/groovy/groovy-xml/2.4.4/groovy-xml-2.4.4.jar:/Users/nsilvestre/.m2/repository/org/apache/httpcomponents/httpmime/4.5.1/httpmime-4.5.1.jar:/Users/nsilvestre/.m2/repository/org/hamcrest/hamcrest-library/1.3/hamcrest-library-1.3.jar:/Users/nsilvestre/.m2/repository/org/ccil/cowan/tagsoup/tagsoup/1.2.1/tagsoup-1.2.1.jar:/Users/nsilvestre/.m2/repository/com/jayway/restassured/json-path/2.9.0/json-path-2.9.0.jar:/Users/nsilvestre/.m2/repository/org/codehaus/groovy/groovy-json/2.4.4/groovy-json-2.4.4.jar:/Users/nsilvestre/.m2/repository/com/jayway/restassured/rest-assured-common/2.9.0/rest-assured-common-2.9.0.jar:/Users/nsilvestre/.m2/repository/com/jayway/restassured/xml-path/2.9.0/xml-path-2.9.0.jar:/Users/nsilvestre/.m2/repository/net/jodah/failsafe/1.0.4/failsafe-1.0.4.jar:/Users/nsilvestre/.m2/repository/info/cukes/cucumber-core/1.2.5/cucumber-core-1.2.5.jar:/Users/nsilvestre/.m2/repository/info/cukes/cucumber-html/0.2.3/cucumber-html-0.2.3.jar:/Users/nsilvestre/.m2/repository/info/cukes/cucumber-junit/1.2.5/cucumber-junit-1.2.5.jar:/Users/nsilvestre/.m2/repository/ru/yandex/qatools/ashot/ashot/1.5.2/ashot-1.5.2.jar:/Users/nsilvestre/.m2/repository/org/hamcrest/hamcrest-all/1.3/hamcrest-all-1.3.jar:/Users/nsilvestre/.m2/repository/com/googlecode/lambdaj/lambdaj/2.3.3/lambdaj-2.3.3.jar:/Users/nsilvestre/.m2/repository/org/objenesis/objenesis/1.2/objenesis-1.2.jar:/Users/nsilvestre/.m2/repository/cglib/cglib-nodep/2.2/cglib-nodep-2.2.jar:/Users/nsilvestre/.m2/repository/com/epam/reportportal/agent-java-cucumber/4.0.1/agent-java-cucumber-4.0.1.jar:/Users/nsilvestre/.m2/repository/com/epam/reportportal/client-java/4.0.6/client-java-4.0.6.jar:/Users/nsilvestre/.m2/repository/io/reactivex/rxjava2/rxjava/2.1.6/rxjava-2.1.6.jar:/Users/nsilvestre/.m2/repository/org/reactivestreams/reactive-streams/1.0.1/reactive-streams-1.0.1.jar:/Users/nsilvestre/.m2/repository/org/apache/tika/tika-core/1.4/tika-core-1.4.jar:/Users/nsilvestre/.m2/repository/com/epam/reportportal/commons-model/4.0.4/commons-model-4.0.4.jar:/Users/nsilvestre/.m2/repository/io/swagger/swagger-annotations/1.5.13/swagger-annotations-1.5.13.jar:/Users/nsilvestre/.m2/repository/javax/validation/validation-api/1.1.0.Final/validation-api-1.1.0.Final.jar:/Users/nsilvestre/.m2/repository/javax/xml/bind/jaxb-api/2.2.11/jaxb-api-2.2.11.jar:/Users/nsilvestre/.m2/repository/com/sun/xml/bind/jaxb-core/2.2.11/jaxb-core-2.2.11.jar:/Users/nsilvestre/.m2/repository/com/sun/xml/bind/jaxb-impl/2.2.11/jaxb-impl-2.2.11.jar:/Users/nsilvestre/.m2/repository/javax/activation/activation/1.1.1/activation-1.1.1.jar:/Users/nsilvestre/.m2/repository/info/cukes/cucumber-testng/1.2.5/cucumber-testng-1.2.5.jar:/Users/nsilvestre/.m2/repository/org/testng/testng/6.14.3/testng-6.14.3.jar:/Users/nsilvestre/.m2/repository/com/beust/jcommander/1.72/jcommander-1.72.jar:/Users/nsilvestre/.m2/repository/org/apache-extras/beanshell/bsh/2.0b6/bsh-2.0b6.jar:/Users/nsilvestre/.m2/repository/info/cukes/cucumber-java/1.2.6-SNAPSHOT/cucumber-java-1.2.6-SNAPSHOT.jar:"/>
    <property name="sun.cpu.endian" value="little"/>
    <property name="user.home" value="/Users/nsilvestre"/>
    <property name="user.language" value="en"/>
    <property name="java.specification.vendor" value="Oracle Corporation"/>
    <property name="java.version.date" value="2018-10-16"/>
    <property name="java.home" value="/Library/Java/JavaVirtualMachines/jdk-11.0.1.jdk/Contents/Home"/>
    <property name="file.separator" value="/"/>
    <property name="basedir" value="/Users/nsilvestre/Documents/AutomationConcept/Automation-UITests"/>
    <property name="java.vm.compressedOopsMode" value="Zero based"/>
    <property name="line.separator" value="&#10;"/>
    <property name="java.specification.name" value="Java Platform API Specification"/>
    <property name="java.vm.specification.vendor" value="Oracle Corporation"/>
    <property name="java.awt.graphicsenv" value="sun.awt.CGraphicsEnvironment"/>
    <property name="surefire.real.class.path" value="/Users/nsilvestre/Documents/AutomationConcept/Automation-UITests/target/surefire/surefirebooter11449703310546265830.jar"/>
    <property name="sun.management.compiler" value="HotSpot 64-Bit Tiered Compilers"/>
    <property name="ftp.nonProxyHosts" value="local|*.local|169.254/16|*.169.254/16"/>
    <property name="java.runtime.version" value="11.0.1+13-LTS"/>
    <property name="user.name" value="nsilvestre"/>
    <property name="path.separator" value=":"/>
    <property name="os.version" value="10.14.1"/>
    <property name="java.runtime.name" value="Java(TM) SE Runtime Environment"/>
    <property name="file.encoding" value="UTF-8"/>
    <property name="java.vm.name" value="Java HotSpot(TM) 64-Bit Server VM"/>
    <property name="java.vendor.version" value="18.9"/>
    <property name="localRepository" value="/Users/nsilvestre/.m2/repository"/>
    <property name="java.vendor.url.bug" value="http://bugreport.java.com/bugreport/"/>
    <property name="java.io.tmpdir" value="/var/folders/8r/4fpkjx7s4610jqlymmj3rrv130jtt_/T/"/>
    <property name="java.version" value="11.0.1"/>
    <property name="user.dir" value="/Users/nsilvestre/Documents/AutomationConcept/Automation-UITests"/>
    <property name="os.arch" value="x86_64"/>
    <property name="java.vm.specification.name" value="Java Virtual Machine Specification"/>
    <property name="java.awt.printerjob" value="sun.lwawt.macosx.CPrinterJob"/>
    <property name="sun.os.patch.level" value="unknown"/>
    <property name="java.library.path" value="/Users/nsilvestre/Library/Java/Extensions:/Library/Java/Extensions:/Network/Library/Java/Extensions:/System/Library/Java/Extensions:/usr/lib/java:."/>
    <property name="java.vendor" value="Oracle Corporation"/>
    <property name="java.vm.info" value="mixed mode"/>
    <property name="java.vm.version" value="11.0.1+13-LTS"/>
    <property name="sun.io.unicode.encoding" value="UnicodeBig"/>
    <property name="java.class.version" value="55.0"/>
    <property name="socksNonProxyHosts" value="local|*.local|169.254/16|*.169.254/16"/>
  </properties>
  <testcase name="feature" classname="com.company.test.runner.TestRunner" time="8.562"/>
</testsuite>