<?xml version="1.0" encoding="UTF-8"?>
<!-- Generated by org.testng.reporters.JUnitReportReporter -->
<testsuite hostname="nsilvestre5.local" failures="0" tests="1" name="com.company.test.runner.TestRunner" time="8.560" errors="0" timestamp="03 Jun 2019 17:27:11 GMT" skipped="0">
  <testcase classname="com.company.test.runner.TestRunner" name="feature" time="8.560"/>
</testsuite> <!-- com.company.test.runner.TestRunner -->
